2019-04-26 17:12:52,631 INFO  [Logger] Entered into loginWithValidCredentials() Test 
2019-04-26 17:12:52,636 INFO  [Logger] Enter into selectSignIn() method 
2019-04-26 17:12:52,697 INFO  [Logger]  element is present 
2019-04-26 17:12:56,859 INFO  [Logger] Entered into implicityWaits method 
2019-04-26 17:12:56,941 INFO  [Logger] Account Login element is present 
2019-04-26 17:12:56,976 INFO  [Logger] Account Login element is present 
2019-04-26 17:12:57,001 INFO  [Logger] Enter into existingUserLogin() method 
2019-04-26 17:13:00,416 INFO  [Logger] Entered into registerBatteryCasesProductForWR() Test 
2019-04-26 17:13:00,423 INFO  [Logger] Entered into selectBtnRegisterAProduct() method 
2019-04-26 17:13:00,505 INFO  [Logger]  element is present 
2019-04-26 17:13:07,192 INFO  [Logger] Entered into selectBtnRegisterAProduct() method 
2019-04-26 17:13:07,245 INFO  [Logger] Register a Product element is present 
2019-04-26 17:13:09,193 INFO  [Logger] Entered into selectRegister() method 
2019-04-26 17:13:09,394 INFO  [Logger] REGISTER HERE element is present 
2019-04-26 17:13:12,207 INFO  [Logger] Entered into selectCatgeory() method 
2019-04-26 17:13:12,257 INFO  [Logger] Select Category element is present 
2019-04-26 17:13:12,532 INFO  [Logger] Entered into setAttributeOptionsInProperty() method. 
2019-04-26 17:13:12,563 INFO  [Logger] Entered into setAttributeOptionsInProperty() method. 
2019-04-26 17:13:12,567 INFO  [Logger] Entered into setAttributeOptionsInProperty() method. 
2019-04-26 17:13:12,571 INFO  [Logger] Entered into setAttributeOptionsInProperty() method. 
2019-04-26 17:13:12,574 INFO  [Logger] Entered into selectproductUnderCategory() method 
2019-04-26 17:13:12,620 INFO  [Logger] Apple element is present 
2019-04-26 17:13:12,622 INFO  [Logger] Entered into setAttributeOptionsInProperty() method. 
2019-04-26 17:13:12,677 INFO  [Logger] Apple element is present 
2019-04-26 17:13:12,781 INFO  [Logger] iPhone 5 element is present 
2019-04-26 17:13:12,782 INFO  [Logger] Entered into setAttributeOptionsInProperty() method. 
2019-04-26 17:13:12,836 INFO  [Logger] iPhone 5 element is present 
2019-04-26 17:13:12,900 INFO  [Logger] iPhone 5s element is present 
2019-04-26 17:13:12,965 INFO  [Logger] iPhone 6 element is present 
2019-04-26 17:13:13,031 INFO  [Logger] iPhone 6 Plus element is present 
2019-04-26 17:13:13,114 INFO  [Logger] iPhone 6s element is present 
2019-04-26 17:13:13,177 INFO  [Logger] iPhone 6s Plus element is present 
2019-04-26 17:13:13,239 INFO  [Logger] iPhone 7 element is present 
2019-04-26 17:13:13,340 INFO  [Logger] juice pack air element is present 
2019-04-26 17:13:13,342 INFO  [Logger] Entered into setAttributeOptionsInProperty() method. 
2019-04-26 17:13:13,393 INFO  [Logger] juice pack air element is present 
2019-04-26 17:13:13,457 INFO  [Logger] juice pack flex element is present 
2019-04-26 17:13:13,528 INFO  [Logger] Entered into setAttributeOptionsInProperty() method. 
2019-04-26 17:13:13,531 INFO  [Logger] Entered into selectExpectedProductFromProductLine() method 
2019-04-26 17:13:13,568 ERROR [TestBase] Failed!! Unable to find element div.collapsibleContent > div > div > div.owl-controls > div.owl-nav > div[class^=owl-next] 
2019-04-26 17:13:13,650 INFO  [Logger] Entered into popupSerialNumber() method 
2019-04-26 17:13:16,684 INFO  [Logger] Enter into enterPurchasedDate() method 
2019-04-26 17:13:16,735 INFO  [Logger]  element is present 
2019-04-26 17:13:16,857 INFO  [Logger] Entered into selectExistingAddress() method 
2019-04-26 17:13:16,933 INFO  [Logger] Entered into verifyAddressTitle() method 
2019-04-26 17:13:16,989 INFO  [Logger] Select or Enter Your Address element is present 
2019-04-26 17:13:23,098 INFO  [Logger] Failed!! Unable to wait on this element button.btn.btn-lg.btn-dark.login.primary 
2019-04-26 17:13:23,293 INFO  [Logger] REGISTER element is present 
2019-04-26 17:13:23,295 INFO  [Logger] Entered into registerProduct() method 
2019-04-26 17:13:25,338 INFO  [Logger] REGISTER element is present 
2019-04-26 17:13:35,441 INFO  [Logger] Entered into isRegisteredConfirmed() method 
2019-04-26 17:13:35,484 INFO  [Logger] You have successfully registered your product! element is present 
2019-10-20 22:24:49,301 INFO  [Logger] Entered into loginWithValidCredentials() Test 
2019-10-20 22:24:49,306 INFO  [Logger] Enter into homePage method 
2019-10-20 22:24:56,228 INFO  [Logger] Failed!! Unable to wait on this element button#btn-cookie-allow 
2019-10-20 22:24:56,243 INFO  [Logger] Failed!! Unable to click on an element.button#btn-cookie-allow 
2019-10-20 22:25:01,263 INFO  [Logger] Enter into selectSignIn() method 
2019-10-20 22:25:06,654 INFO  [Logger] Account Login element is present 
2019-10-20 22:25:06,663 INFO  [Logger] Entered into waitOnSpinner() method 
2019-10-20 22:25:11,912 INFO  [Logger] Failed!! Unable to wait on this element //*[@id='spinner-container'][@display='none'] 
2019-10-20 22:25:17,015 INFO  [Logger] Failed!! Unable to wait on this element h1.page-title > span 
2019-10-20 22:25:17,032 INFO  [Logger] Entered into verifyAllFields() Test 
2019-10-20 22:25:17,036 INFO  [Logger] Enter into nav2PRScreen() method 
2019-10-20 22:25:24,631 INFO  [Logger] Failed!! Unable to wait on this element div.page-title-wrapper > p.h1 
2019-10-20 22:25:24,642 INFO  [Logger] Entered into registerProdThruSerialNumber() Test 
2019-10-20 22:25:24,646 INFO  [Logger] Enter into nav2AccountDashboard() method 
2019-10-20 22:25:26,497 INFO  [Logger] Enter into nav2PRScreen() method 
2019-10-20 22:25:28,734 INFO  [Logger] Enter into registerSerialNumberWithDate() method 
2019-10-20 22:25:33,844 INFO  [Logger] Failed!! Unable to wait on this element input#serialnumber 
2019-10-20 22:25:33,853 INFO  [Logger] Failed!! Unable to clear the text from a textbox.input#serialnumber 
2019-10-20 22:25:33,861 INFO  [Logger] Failed!! Unable to enter a text into a textbox.input#serialnumber 
2019-10-20 22:25:33,869 INFO  [Logger] Failed!! Unable to click on a button.//button[@id='serialnumberbtn']/span 
2019-10-20 22:25:38,878 INFO  [Logger] Entered into waitOnSpinnerInPR() method 
